<?xml version="1.0" encoding="UTF-8"?>
<!-- Generated by org.testng.reporters.JUnitReportReporter -->
<testsuite hostname="LAPTOP-TUN1U03P" failures="0" tests="1" name="testcases.UserRegTest" time="0.002" errors="0" timestamp="08 Jun 2024 15:26:16 GMT" skipped="0">
  <testcase classname="testcases.UserRegTest" name="registerUser" time="0.002"/>
</testsuite> <!-- testcases.UserRegTest -->
