<?xml version="1.0" encoding="UTF-8"?>
<!-- Generated by org.testng.reporters.JUnitReportReporter -->
<testsuite hostname="Priyankas-MacBook-Pro.local" failures="0" tests="3" name="testcases.AddCustomerTest" time="12.905" errors="0" timestamp="01 Sep. 2024 11:30:17 GMT" skipped="0">
  <testcase classname="testcases.AddCustomerTest" name="addCustomer" time="4.164"/>
  <testcase classname="testcases.AddCustomerTest" name="addCustomer" time="4.154"/>
  <testcase classname="testcases.AddCustomerTest" name="addCustomer" time="4.587"/>
</testsuite> <!-- testcases.AddCustomerTest -->
